<?xml version="1.0" encoding="UTF-8"?>
<coverage generated="1762124220727" clover="3.2.0">
  <project timestamp="1762124220727" name="All files">
    <metrics statements="56" coveredstatements="56" conditionals="14" coveredconditionals="11" methods="16" coveredmethods="15" elements="86" coveredelements="82" complexity="0" loc="56" ncloc="56" packages="2" files="2" classes="2"/>
    <package name="app.map">
      <metrics statements="20" coveredstatements="20" conditionals="5" coveredconditionals="5" methods="4" coveredmethods="4"/>
      <file name="page.tsx" path="/Users/namitpatel/D drive/CSC510-Section2-Group8/Project/client/app/map/page.tsx">
        <metrics statements="20" coveredstatements="20" conditionals="5" coveredconditionals="5" methods="4" coveredmethods="4"/>
        <line num="3" count="1" type="stmt"/>
        <line num="4" count="1" type="stmt"/>
        <line num="5" count="1" type="stmt"/>
        <line num="15" count="19" type="stmt"/>
        <line num="16" count="33" type="stmt"/>
        <line num="17" count="32" type="stmt"/>
        <line num="18" count="32" type="stmt"/>
        <line num="19" count="32" type="stmt"/>
        <line num="21" count="32" type="stmt"/>
        <line num="23" count="18" type="stmt"/>
        <line num="24" count="18" type="stmt"/>
        <line num="25" count="14" type="cond" truecount="1" falsecount="0"/>
        <line num="26" count="2" type="stmt"/>
        <line num="28" count="12" type="stmt"/>
        <line num="29" count="11" type="stmt"/>
        <line num="31" count="5" type="cond" truecount="2" falsecount="0"/>
        <line num="33" count="16" type="stmt"/>
        <line num="37" count="18" type="stmt"/>
        <line num="40" count="32" type="stmt"/>
        <line num="42" count="3" type="stmt"/>
      </file>
    </package>
    <package name="components">
      <metrics statements="36" coveredstatements="36" conditionals="9" coveredconditionals="6" methods="12" coveredmethods="11"/>
      <file name="map-view.tsx" path="/Users/namitpatel/D drive/CSC510-Section2-Group8/Project/client/components/map-view.tsx">
        <metrics statements="36" coveredstatements="36" conditionals="9" coveredconditionals="6" methods="12" coveredmethods="11"/>
        <line num="3" count="1" type="stmt"/>
        <line num="4" count="1" type="stmt"/>
        <line num="5" count="1" type="stmt"/>
        <line num="6" count="1" type="stmt"/>
        <line num="7" count="1" type="stmt"/>
        <line num="9" count="1" type="cond" truecount="1" falsecount="1"/>
        <line num="10" count="1" type="stmt"/>
        <line num="25" count="25" type="stmt"/>
        <line num="26" count="33" type="stmt"/>
        <line num="27" count="33" type="stmt"/>
        <line num="28" count="33" type="stmt"/>
        <line num="29" count="33" type="stmt"/>
        <line num="32" count="83" type="stmt"/>
        <line num="33" count="83" type="stmt"/>
        <line num="35" count="33" type="stmt"/>
        <line num="36" count="25" type="cond" truecount="0" falsecount="1"/>
        <line num="39" count="25" type="stmt"/>
        <line num="47" count="25" type="stmt"/>
        <line num="50" count="25" type="stmt"/>
        <line num="51" count="25" type="stmt"/>
        <line num="52" count="61" type="stmt"/>
        <line num="53" count="25" type="stmt"/>
        <line num="58" count="33" type="stmt"/>
        <line num="59" count="25" type="cond" truecount="0" falsecount="1"/>
        <line num="62" count="25" type="stmt"/>
        <line num="63" count="25" type="stmt"/>
        <line num="66" count="25" type="stmt"/>
        <line num="67" count="61" type="stmt"/>
        <line num="68" count="61" type="stmt"/>
        <line num="69" count="61" type="stmt"/>
        <line num="75" count="61" type="stmt"/>
        <line num="88" count="61" type="stmt"/>
        <line num="90" count="61" type="stmt"/>
        <line num="91" count="6" type="stmt"/>
        <line num="111" count="2" type="stmt"/>
        <line num="118" count="2" type="stmt"/>
      </file>
    </package>
  </project>
</coverage>
