<?xml version="1.0" encoding="UTF-8"?>
<coverage generated="1762125731831" clover="3.2.0">
  <project timestamp="1762125731831" name="All files">
    <metrics statements="146" coveredstatements="140" conditionals="86" coveredconditionals="75" methods="40" coveredmethods="38" elements="272" coveredelements="253" complexity="0" loc="146" ncloc="146" packages="3" files="4" classes="4"/>
    <package name="app.browse">
      <metrics statements="90" coveredstatements="84" conditionals="72" coveredconditionals="64" methods="24" coveredmethods="23"/>
      <file name="loading.tsx" path="/Users/namitpatel/D drive/CSC510-Section2-Group8/Project/client/app/browse/loading.tsx">
        <metrics statements="2" coveredstatements="2" conditionals="0" coveredconditionals="0" methods="1" coveredmethods="1"/>
        <line num="1" count="2" type="stmt"/>
        <line num="2" count="2" type="stmt"/>
      </file>
      <file name="page.tsx" path="/Users/namitpatel/D drive/CSC510-Section2-Group8/Project/client/app/browse/page.tsx">
        <metrics statements="88" coveredstatements="82" conditionals="72" coveredconditionals="64" methods="23" coveredmethods="22"/>
        <line num="3" count="1" type="stmt"/>
        <line num="4" count="1" type="stmt"/>
        <line num="5" count="1" type="stmt"/>
        <line num="6" count="1" type="stmt"/>
        <line num="7" count="1" type="stmt"/>
        <line num="8" count="1" type="stmt"/>
        <line num="9" count="1" type="stmt"/>
        <line num="33" count="1" type="stmt"/>
        <line num="35" count="38" type="stmt"/>
        <line num="36" count="191" type="stmt"/>
        <line num="37" count="191" type="stmt"/>
        <line num="38" count="191" type="stmt"/>
        <line num="40" count="191" type="stmt"/>
        <line num="41" count="191" type="stmt"/>
        <line num="43" count="191" type="stmt"/>
        <line num="44" count="191" type="stmt"/>
        <line num="46" count="191" type="stmt"/>
        <line num="47" count="191" type="stmt"/>
        <line num="48" count="191" type="stmt"/>
        <line num="51" count="191" type="stmt"/>
        <line num="52" count="38" type="stmt"/>
        <line num="56" count="191" type="stmt"/>
        <line num="57" count="62" type="cond" truecount="3" falsecount="0"/>
        <line num="58" count="23" type="stmt"/>
        <line num="63" count="191" type="stmt"/>
        <line num="64" count="71" type="cond" truecount="4" falsecount="0"/>
        <line num="65" count="2" type="stmt"/>
        <line num="66" count="2" type="cond" truecount="3" falsecount="0"/>
        <line num="67" count="2" type="stmt"/>
        <line num="69" count="69" type="cond" truecount="2" falsecount="1"/>
        <line num="71" count="0" type="stmt"/>
        <line num="72" count="0" type="stmt"/>
        <line num="73" count="0" type="stmt"/>
        <line num="77" count="191" type="stmt"/>
        <line num="78" count="39" type="stmt"/>
        <line num="79" count="39" type="stmt"/>
        <line num="80" count="39" type="stmt"/>
        <line num="81" count="39" type="stmt"/>
        <line num="82" count="37" type="cond" truecount="1" falsecount="0"/>
        <line num="83" count="34" type="stmt"/>
        <line num="84" count="34" type="stmt"/>
        <line num="86" count="4" type="cond" truecount="1" falsecount="1"/>
        <line num="87" count="4" type="stmt"/>
        <line num="89" count="38" type="stmt"/>
        <line num="93" count="191" type="stmt"/>
        <line num="94" count="23" type="stmt"/>
        <line num="95" count="23" type="stmt"/>
        <line num="96" count="23" type="stmt"/>
        <line num="97" count="23" type="stmt"/>
        <line num="98" count="23" type="cond" truecount="0" falsecount="1"/>
        <line num="99" count="23" type="stmt"/>
        <line num="100" count="23" type="stmt"/>
        <line num="102" count="0" type="cond" truecount="0" falsecount="2"/>
        <line num="103" count="0" type="stmt"/>
        <line num="105" count="23" type="stmt"/>
        <line num="109" count="191" type="stmt"/>
        <line num="110" count="23" type="stmt"/>
        <line num="111" count="23" type="stmt"/>
        <line num="112" count="23" type="stmt"/>
        <line num="115" count="191" type="stmt"/>
        <line num="117" count="2" type="cond" truecount="2" falsecount="0"/>
        <line num="118" count="1" type="stmt"/>
        <line num="121" count="1" type="stmt"/>
        <line num="122" count="1" type="stmt"/>
        <line num="123" count="1" type="stmt"/>
        <line num="128" count="191" type="stmt"/>
        <line num="129" count="327" type="cond" truecount="2" falsecount="0"/>
        <line num="134" count="191" type="stmt"/>
        <line num="135" count="67" type="cond" truecount="2" falsecount="0"/>
        <line num="136" count="67" type="cond" truecount="2" falsecount="0"/>
        <line num="137" count="9" type="stmt"/>
        <line num="138" count="67" type="cond" truecount="2" falsecount="0"/>
        <line num="142" count="191" type="stmt"/>
        <line num="143" count="39" type="cond" truecount="3" falsecount="0"/>
        <line num="144" count="20" type="stmt"/>
        <line num="190" count="8" type="stmt"/>
        <line num="227" count="105" type="stmt"/>
        <line num="230" count="21" type="stmt"/>
        <line num="259" count="1" type="stmt"/>
        <line num="273" count="46" type="cond" truecount="2" falsecount="0"/>
        <line num="274" count="46" type="cond" truecount="2" falsecount="0"/>
        <line num="276" count="46" type="stmt"/>
        <line num="277" count="39" type="stmt"/>
        <line num="278" count="39" type="stmt"/>
        <line num="279" count="39" type="stmt"/>
        <line num="281" count="39" type="stmt"/>
        <line num="290" count="60" type="stmt"/>
        <line num="402" count="0" type="stmt"/>
      </file>
    </package>
    <package name="app.map">
      <metrics statements="20" coveredstatements="20" conditionals="5" coveredconditionals="5" methods="4" coveredmethods="4"/>
      <file name="page.tsx" path="/Users/namitpatel/D drive/CSC510-Section2-Group8/Project/client/app/map/page.tsx">
        <metrics statements="20" coveredstatements="20" conditionals="5" coveredconditionals="5" methods="4" coveredmethods="4"/>
        <line num="3" count="1" type="stmt"/>
        <line num="4" count="1" type="stmt"/>
        <line num="5" count="1" type="stmt"/>
        <line num="15" count="19" type="stmt"/>
        <line num="16" count="33" type="stmt"/>
        <line num="17" count="32" type="stmt"/>
        <line num="18" count="32" type="stmt"/>
        <line num="19" count="32" type="stmt"/>
        <line num="21" count="32" type="stmt"/>
        <line num="23" count="18" type="stmt"/>
        <line num="24" count="18" type="stmt"/>
        <line num="25" count="14" type="cond" truecount="1" falsecount="0"/>
        <line num="26" count="2" type="stmt"/>
        <line num="28" count="12" type="stmt"/>
        <line num="29" count="11" type="stmt"/>
        <line num="31" count="5" type="cond" truecount="2" falsecount="0"/>
        <line num="33" count="16" type="stmt"/>
        <line num="37" count="18" type="stmt"/>
        <line num="40" count="32" type="stmt"/>
        <line num="42" count="3" type="stmt"/>
      </file>
    </package>
    <package name="components">
      <metrics statements="36" coveredstatements="36" conditionals="9" coveredconditionals="6" methods="12" coveredmethods="11"/>
      <file name="map-view.tsx" path="/Users/namitpatel/D drive/CSC510-Section2-Group8/Project/client/components/map-view.tsx">
        <metrics statements="36" coveredstatements="36" conditionals="9" coveredconditionals="6" methods="12" coveredmethods="11"/>
        <line num="3" count="1" type="stmt"/>
        <line num="4" count="1" type="stmt"/>
        <line num="5" count="1" type="stmt"/>
        <line num="6" count="1" type="stmt"/>
        <line num="7" count="1" type="stmt"/>
        <line num="9" count="1" type="cond" truecount="1" falsecount="1"/>
        <line num="10" count="1" type="stmt"/>
        <line num="25" count="25" type="stmt"/>
        <line num="26" count="33" type="stmt"/>
        <line num="27" count="33" type="stmt"/>
        <line num="28" count="33" type="stmt"/>
        <line num="29" count="33" type="stmt"/>
        <line num="32" count="83" type="stmt"/>
        <line num="33" count="83" type="stmt"/>
        <line num="35" count="33" type="stmt"/>
        <line num="36" count="25" type="cond" truecount="0" falsecount="1"/>
        <line num="39" count="25" type="stmt"/>
        <line num="47" count="25" type="stmt"/>
        <line num="50" count="25" type="stmt"/>
        <line num="51" count="25" type="stmt"/>
        <line num="52" count="61" type="stmt"/>
        <line num="53" count="25" type="stmt"/>
        <line num="58" count="33" type="stmt"/>
        <line num="59" count="25" type="cond" truecount="0" falsecount="1"/>
        <line num="62" count="25" type="stmt"/>
        <line num="63" count="25" type="stmt"/>
        <line num="66" count="25" type="stmt"/>
        <line num="67" count="61" type="stmt"/>
        <line num="68" count="61" type="stmt"/>
        <line num="69" count="61" type="stmt"/>
        <line num="75" count="61" type="stmt"/>
        <line num="88" count="61" type="stmt"/>
        <line num="90" count="61" type="stmt"/>
        <line num="91" count="6" type="stmt"/>
        <line num="111" count="2" type="stmt"/>
        <line num="118" count="2" type="stmt"/>
      </file>
    </package>
  </project>
</coverage>
