{"/Users/namitpatel/D drive/CSC510-Section2-Group8/Project/client/app/map/page.tsx": {"path":"/Users/namitpatel/D drive/CSC510-Section2-Group8/Project/client/app/map/page.tsx","statementMap":{"0":{"start":{"line":15,"column":24},"end":{"line":15,"column":null}},"1":{"start":{"line":3,"column":36},"end":{"line":3,"column":null}},"2":{"start":{"line":4,"column":26},"end":{"line":4,"column":null}},"3":{"start":{"line":5,"column":24},"end":{"line":5,"column":null}},"4":{"start":{"line":16,"column":40},"end":{"line":16,"column":null}},"5":{"start":{"line":17,"column":32},"end":{"line":17,"column":null}},"6":{"start":{"line":18,"column":28},"end":{"line":18,"column":null}},"7":{"start":{"line":19,"column":17},"end":{"line":19,"column":null}},"8":{"start":{"line":21,"column":2},"end":{"line":38,"column":null}},"9":{"start":{"line":23,"column":6},"end":{"line":34,"column":null}},"10":{"start":{"line":24,"column":25},"end":{"line":24,"column":null}},"11":{"start":{"line":25,"column":8},"end":{"line":27,"column":null}},"12":{"start":{"line":26,"column":10},"end":{"line":26,"column":null}},"13":{"start":{"line":28,"column":21},"end":{"line":28,"column":null}},"14":{"start":{"line":29,"column":8},"end":{"line":29,"column":null}},"15":{"start":{"line":31,"column":8},"end":{"line":31,"column":null}},"16":{"start":{"line":33,"column":8},"end":{"line":33,"column":null}},"17":{"start":{"line":37,"column":4},"end":{"line":37,"column":null}},"18":{"start":{"line":40,"column":33},"end":{"line":43,"column":null}},"19":{"start":{"line":42,"column":4},"end":{"line":42,"column":null}}},"fnMap":{"0":{"name":"MapPage","decl":{"start":{"line":15,"column":24},"end":{"line":15,"column":null}},"loc":{"start":{"line":15,"column":24},"end":{"line":72,"column":null}}},"1":{"name":"(anonymous_2)","decl":{"start":{"line":21,"column":12},"end":{"line":21,"column":null}},"loc":{"start":{"line":21,"column":12},"end":{"line":38,"column":5}}},"2":{"name":"fetchRestaurants","decl":{"start":{"line":22,"column":19},"end":{"line":22,"column":null}},"loc":{"start":{"line":22,"column":19},"end":{"line":35,"column":null}}},"3":{"name":"(anonymous_4)","decl":{"start":{"line":40,"column":33},"end":{"line":40,"column":34}},"loc":{"start":{"line":40,"column":34},"end":{"line":43,"column":null}}}},"branchMap":{"0":{"loc":{"start":{"line":25,"column":8},"end":{"line":27,"column":null}},"type":"if","locations":[{"start":{"line":25,"column":8},"end":{"line":27,"column":null}}]},"1":{"loc":{"start":{"line":31,"column":17},"end":{"line":31,"column":null}},"type":"cond-expr","locations":[{"start":{"line":31,"column":40},"end":{"line":31,"column":51}},{"start":{"line":31,"column":54},"end":{"line":31,"column":null}}]},"2":{"loc":{"start":{"line":56,"column":10},"end":{"line":59,"column":null}},"type":"cond-expr","locations":[{"start":{"line":56,"column":10},"end":{"line":59,"column":null}}]},"3":{"loc":{"start":{"line":60,"column":10},"end":{"line":64,"column":11}},"type":"cond-expr","locations":[{"start":{"line":60,"column":10},"end":{"line":64,"column":11}}]}},"s":{"0":19,"1":1,"2":1,"3":1,"4":33,"5":32,"6":32,"7":32,"8":32,"9":18,"10":18,"11":14,"12":2,"13":12,"14":11,"15":5,"16":16,"17":18,"18":32,"19":3},"f":{"0":33,"1":18,"2":18,"3":3},"b":{"0":[2],"1":[4,1],"2":[18],"3":[5]}}
,"/Users/namitpatel/D drive/CSC510-Section2-Group8/Project/client/components/map-view.tsx": {"path":"/Users/namitpatel/D drive/CSC510-Section2-Group8/Project/client/components/map-view.tsx","statementMap":{"0":{"start":{"line":25,"column":16},"end":{"line":25,"column":24}},"1":{"start":{"line":3,"column":44},"end":{"line":3,"column":null}},"2":{"start":{"line":4,"column":21},"end":{"line":4,"column":null}},"3":{"start":{"line":5,"column":23},"end":{"line":5,"column":null}},"4":{"start":{"line":6,"column":21},"end":{"line":6,"column":null}},"5":{"start":{"line":7,"column":7},"end":{"line":7,"column":null}},"6":{"start":{"line":9,"column":21},"end":{"line":9,"column":null}},"7":{"start":{"line":10,"column":0},"end":{"line":10,"column":null}},"8":{"start":{"line":26,"column":23},"end":{"line":26,"column":null}},"9":{"start":{"line":27,"column":14},"end":{"line":27,"column":null}},"10":{"start":{"line":28,"column":18},"end":{"line":28,"column":null}},"11":{"start":{"line":29,"column":54},"end":{"line":29,"column":null}},"12":{"start":{"line":32,"column":20},"end":{"line":32,"column":112}},"13":{"start":{"line":32,"column":60},"end":{"line":32,"column":87}},"14":{"start":{"line":33,"column":20},"end":{"line":33,"column":111}},"15":{"start":{"line":33,"column":60},"end":{"line":33,"column":86}},"16":{"start":{"line":35,"column":2},"end":{"line":55,"column":null}},"17":{"start":{"line":36,"column":4},"end":{"line":36,"column":null}},"18":{"start":{"line":36,"column":31},"end":{"line":36,"column":null}},"19":{"start":{"line":39,"column":4},"end":{"line":44,"column":null}},"20":{"start":{"line":47,"column":4},"end":{"line":47,"column":null}},"21":{"start":{"line":50,"column":4},"end":{"line":54,"column":null}},"22":{"start":{"line":51,"column":6},"end":{"line":51,"column":null}},"23":{"start":{"line":52,"column":6},"end":{"line":52,"column":null}},"24":{"start":{"line":52,"column":40},"end":{"line":52,"column":null}},"25":{"start":{"line":53,"column":6},"end":{"line":53,"column":null}},"26":{"start":{"line":58,"column":2},"end":{"line":94,"column":null}},"27":{"start":{"line":59,"column":4},"end":{"line":59,"column":null}},"28":{"start":{"line":59,"column":22},"end":{"line":59,"column":null}},"29":{"start":{"line":62,"column":4},"end":{"line":62,"column":null}},"30":{"start":{"line":62,"column":38},"end":{"line":62,"column":null}},"31":{"start":{"line":63,"column":4},"end":{"line":63,"column":null}},"32":{"start":{"line":66,"column":4},"end":{"line":93,"column":null}},"33":{"start":{"line":67,"column":17},"end":{"line":67,"column":null}},"34":{"start":{"line":68,"column":6},"end":{"line":68,"column":null}},"35":{"start":{"line":69,"column":6},"end":{"line":73,"column":null}},"36":{"start":{"line":75,"column":21},"end":{"line":86,"column":null}},"37":{"start":{"line":88,"column":6},"end":{"line":88,"column":null}},"38":{"start":{"line":90,"column":6},"end":{"line":92,"column":null}},"39":{"start":{"line":91,"column":8},"end":{"line":91,"column":null}},"40":{"start":{"line":111,"column":31},"end":{"line":111,"column":null}},"41":{"start":{"line":118,"column":31},"end":{"line":118,"column":null}}},"fnMap":{"0":{"name":"MapView","decl":{"start":{"line":25,"column":16},"end":{"line":25,"column":24}},"loc":{"start":{"line":25,"column":73},"end":{"line":128,"column":null}}},"1":{"name":"(anonymous_3)","decl":{"start":{"line":32,"column":39},"end":{"line":32,"column":40}},"loc":{"start":{"line":32,"column":60},"end":{"line":32,"column":87}}},"2":{"name":"(anonymous_4)","decl":{"start":{"line":33,"column":39},"end":{"line":33,"column":40}},"loc":{"start":{"line":33,"column":60},"end":{"line":33,"column":86}}},"3":{"name":"(anonymous_5)","decl":{"start":{"line":35,"column":12},"end":{"line":35,"column":null}},"loc":{"start":{"line":35,"column":12},"end":{"line":55,"column":5}}},"4":{"name":"(anonymous_6)","decl":{"start":{"line":50,"column":11},"end":{"line":50,"column":null}},"loc":{"start":{"line":50,"column":11},"end":{"line":54,"column":null}}},"5":{"name":"(anonymous_7)","decl":{"start":{"line":52,"column":30},"end":{"line":52,"column":40}},"loc":{"start":{"line":52,"column":40},"end":{"line":52,"column":null}}},"6":{"name":"(anonymous_8)","decl":{"start":{"line":58,"column":12},"end":{"line":58,"column":null}},"loc":{"start":{"line":58,"column":12},"end":{"line":94,"column":5}}},"7":{"name":"(anonymous_9)","decl":{"start":{"line":62,"column":28},"end":{"line":62,"column":38}},"loc":{"start":{"line":62,"column":38},"end":{"line":62,"column":null}}},"8":{"name":"(anonymous_10)","decl":{"start":{"line":66,"column":24},"end":{"line":66,"column":25}},"loc":{"start":{"line":66,"column":37},"end":{"line":93,"column":null}}},"9":{"name":"(anonymous_11)","decl":{"start":{"line":90,"column":35},"end":{"line":90,"column":null}},"loc":{"start":{"line":90,"column":35},"end":{"line":92,"column":null}}},"10":{"name":"(anonymous_12)","decl":{"start":{"line":111,"column":25},"end":{"line":111,"column":31}},"loc":{"start":{"line":111,"column":31},"end":{"line":111,"column":null}}},"11":{"name":"(anonymous_13)","decl":{"start":{"line":118,"column":25},"end":{"line":118,"column":31}},"loc":{"start":{"line":118,"column":31},"end":{"line":118,"column":null}}}},"branchMap":{"0":{"loc":{"start":{"line":9,"column":21},"end":{"line":9,"column":null}},"type":"binary-expr","locations":[{"start":{"line":9,"column":21},"end":{"line":9,"column":57}},{"start":{"line":9,"column":61},"end":{"line":9,"column":null}}]},"1":{"loc":{"start":{"line":36,"column":4},"end":{"line":36,"column":null}},"type":"if","locations":[{"start":{"line":36,"column":4},"end":{"line":36,"column":null}}]},"2":{"loc":{"start":{"line":59,"column":4},"end":{"line":59,"column":null}},"type":"if","locations":[{"start":{"line":59,"column":4},"end":{"line":59,"column":null}}]},"3":{"loc":{"start":{"line":82,"column":51},"end":{"line":82,"column":96}},"type":"binary-expr","locations":[{"start":{"line":82,"column":51},"end":{"line":82,"column":69}},{"start":{"line":82,"column":73},"end":{"line":82,"column":96}}]},"4":{"loc":{"start":{"line":102,"column":7},"end":{"line":102,"column":null}},"type":"binary-expr","locations":[{"start":{"line":102,"column":7},"end":{"line":102,"column":null}}]},"5":{"loc":{"start":{"line":106,"column":58},"end":{"line":106,"column":null}},"type":"binary-expr","locations":[{"start":{"line":106,"column":58},"end":{"line":106,"column":84}},{"start":{"line":106,"column":88},"end":{"line":106,"column":null}}]}},"s":{"0":25,"1":1,"2":1,"3":1,"4":1,"5":1,"6":1,"7":1,"8":33,"9":33,"10":33,"11":33,"12":33,"13":83,"14":33,"15":83,"16":33,"17":25,"18":0,"19":25,"20":25,"21":25,"22":25,"23":25,"24":61,"25":25,"26":33,"27":25,"28":0,"29":25,"30":0,"31":25,"32":25,"33":61,"34":61,"35":61,"36":61,"37":61,"38":61,"39":6,"40":2,"41":2},"f":{"0":33,"1":83,"2":83,"3":25,"4":25,"5":61,"6":25,"7":0,"8":61,"9":6,"10":2,"11":2},"b":{"0":[1,0],"1":[0],"2":[0],"3":[61,1],"4":[33],"5":[6,1]}}
}
