{"/Users/namitpatel/D drive/CSC510-Section2-Group8/Project/client/app/browse/loading.tsx": {"path":"/Users/namitpatel/D drive/CSC510-Section2-Group8/Project/client/app/browse/loading.tsx","statementMap":{"0":{"start":{"line":1,"column":24},"end":{"line":1,"column":null}},"1":{"start":{"line":2,"column":2},"end":{"line":2,"column":null}}},"fnMap":{"0":{"name":"Loading","decl":{"start":{"line":1,"column":24},"end":{"line":1,"column":null}},"loc":{"start":{"line":1,"column":24},"end":{"line":3,"column":null}}}},"branchMap":{},"s":{"0":2,"1":2},"f":{"0":2},"b":{}}
,"/Users/namitpatel/D drive/CSC510-Section2-Group8/Project/client/app/browse/page.tsx": {"path":"/Users/namitpatel/D drive/CSC510-Section2-Group8/Project/client/app/browse/page.tsx","statementMap":{"0":{"start":{"line":35,"column":24},"end":{"line":35,"column":null}},"1":{"start":{"line":3,"column":36},"end":{"line":3,"column":null}},"2":{"start":{"line":4,"column":43},"end":{"line":4,"column":null}},"3":{"start":{"line":5,"column":74},"end":{"line":5,"column":null}},"4":{"start":{"line":6,"column":22},"end":{"line":6,"column":null}},"5":{"start":{"line":7,"column":23},"end":{"line":7,"column":null}},"6":{"start":{"line":8,"column":22},"end":{"line":8,"column":null}},"7":{"start":{"line":9,"column":75},"end":{"line":9,"column":null}},"8":{"start":{"line":33,"column":21},"end":{"line":33,"column":52}},"9":{"start":{"line":36,"column":23},"end":{"line":36,"column":null}},"10":{"start":{"line":37,"column":17},"end":{"line":37,"column":null}},"11":{"start":{"line":38,"column":30},"end":{"line":38,"column":null}},"12":{"start":{"line":40,"column":26},"end":{"line":40,"column":null}},"13":{"start":{"line":41,"column":54},"end":{"line":41,"column":null}},"14":{"start":{"line":43,"column":40},"end":{"line":43,"column":null}},"15":{"start":{"line":44,"column":28},"end":{"line":44,"column":null}},"16":{"start":{"line":46,"column":40},"end":{"line":46,"column":null}},"17":{"start":{"line":47,"column":32},"end":{"line":47,"column":null}},"18":{"start":{"line":48,"column":28},"end":{"line":48,"column":null}},"19":{"start":{"line":51,"column":2},"end":{"line":53,"column":null}},"20":{"start":{"line":52,"column":4},"end":{"line":52,"column":null}},"21":{"start":{"line":56,"column":2},"end":{"line":60,"column":null}},"22":{"start":{"line":57,"column":4},"end":{"line":59,"column":null}},"23":{"start":{"line":58,"column":6},"end":{"line":58,"column":null}},"24":{"start":{"line":63,"column":2},"end":{"line":75,"column":null}},"25":{"start":{"line":64,"column":4},"end":{"line":74,"column":null}},"26":{"start":{"line":65,"column":25},"end":{"line":65,"column":null}},"27":{"start":{"line":65,"column":47},"end":{"line":65,"column":null}},"28":{"start":{"line":66,"column":6},"end":{"line":68,"column":null}},"29":{"start":{"line":67,"column":8},"end":{"line":67,"column":null}},"30":{"start":{"line":69,"column":11},"end":{"line":74,"column":null}},"31":{"start":{"line":71,"column":6},"end":{"line":71,"column":null}},"32":{"start":{"line":72,"column":6},"end":{"line":72,"column":null}},"33":{"start":{"line":73,"column":6},"end":{"line":73,"column":null}},"34":{"start":{"line":77,"column":27},"end":{"line":91,"column":null}},"35":{"start":{"line":78,"column":4},"end":{"line":78,"column":null}},"36":{"start":{"line":79,"column":4},"end":{"line":79,"column":null}},"37":{"start":{"line":80,"column":4},"end":{"line":90,"column":null}},"38":{"start":{"line":81,"column":23},"end":{"line":81,"column":null}},"39":{"start":{"line":82,"column":6},"end":{"line":82,"column":null}},"40":{"start":{"line":82,"column":24},"end":{"line":82,"column":null}},"41":{"start":{"line":83,"column":19},"end":{"line":83,"column":null}},"42":{"start":{"line":84,"column":6},"end":{"line":84,"column":null}},"43":{"start":{"line":86,"column":6},"end":{"line":86,"column":null}},"44":{"start":{"line":87,"column":6},"end":{"line":87,"column":null}},"45":{"start":{"line":89,"column":6},"end":{"line":89,"column":null}},"46":{"start":{"line":93,"column":21},"end":{"line":107,"column":null}},"47":{"start":{"line":94,"column":4},"end":{"line":94,"column":null}},"48":{"start":{"line":95,"column":4},"end":{"line":95,"column":null}},"49":{"start":{"line":96,"column":4},"end":{"line":106,"column":null}},"50":{"start":{"line":97,"column":23},"end":{"line":97,"column":null}},"51":{"start":{"line":98,"column":6},"end":{"line":98,"column":null}},"52":{"start":{"line":98,"column":24},"end":{"line":98,"column":null}},"53":{"start":{"line":99,"column":19},"end":{"line":99,"column":null}},"54":{"start":{"line":100,"column":6},"end":{"line":100,"column":null}},"55":{"start":{"line":102,"column":6},"end":{"line":102,"column":null}},"56":{"start":{"line":103,"column":6},"end":{"line":103,"column":null}},"57":{"start":{"line":105,"column":6},"end":{"line":105,"column":null}},"58":{"start":{"line":109,"column":32},"end":{"line":113,"column":null}},"59":{"start":{"line":110,"column":4},"end":{"line":110,"column":null}},"60":{"start":{"line":111,"column":4},"end":{"line":111,"column":null}},"61":{"start":{"line":112,"column":4},"end":{"line":112,"column":null}},"62":{"start":{"line":115,"column":34},"end":{"line":125,"column":null}},"63":{"start":{"line":117,"column":4},"end":{"line":124,"column":null}},"64":{"start":{"line":118,"column":6},"end":{"line":118,"column":null}},"65":{"start":{"line":121,"column":6},"end":{"line":121,"column":null}},"66":{"start":{"line":122,"column":6},"end":{"line":122,"column":null}},"67":{"start":{"line":123,"column":6},"end":{"line":123,"column":null}},"68":{"start":{"line":128,"column":30},"end":{"line":130,"column":null}},"69":{"start":{"line":129,"column":4},"end":{"line":130,"column":null}},"70":{"start":{"line":134,"column":24},"end":{"line":139,"column":null}},"71":{"start":{"line":135,"column":30},"end":{"line":135,"column":97}},"72":{"start":{"line":136,"column":26},"end":{"line":137,"column":null}},"73":{"start":{"line":137,"column":28},"end":{"line":137,"column":null}},"74":{"start":{"line":138,"column":4},"end":{"line":138,"column":null}},"75":{"start":{"line":142,"column":32},"end":{"line":145,"column":null}},"76":{"start":{"line":143,"column":4},"end":{"line":143,"column":null}},"77":{"start":{"line":143,"column":41},"end":{"line":143,"column":null}},"78":{"start":{"line":144,"column":4},"end":{"line":144,"column":null}},"79":{"start":{"line":190,"column":29},"end":{"line":190,"column":null}},"80":{"start":{"line":227,"column":14},"end":{"line":228,"column":null}},"81":{"start":{"line":230,"column":31},"end":{"line":230,"column":null}},"82":{"start":{"line":259,"column":57},"end":{"line":259,"column":77}},"83":{"start":{"line":273,"column":33},"end":{"line":273,"column":null}},"84":{"start":{"line":273,"column":64},"end":{"line":273,"column":null}},"85":{"start":{"line":274,"column":33},"end":{"line":274,"column":null}},"86":{"start":{"line":274,"column":64},"end":{"line":274,"column":null}},"87":{"start":{"line":276,"column":35},"end":{"line":353,"column":null}},"88":{"start":{"line":277,"column":38},"end":{"line":277,"column":null}},"89":{"start":{"line":278,"column":33},"end":{"line":278,"column":null}},"90":{"start":{"line":279,"column":38},"end":{"line":279,"column":null}},"91":{"start":{"line":281,"column":14},"end":{"line":282,"column":36}},"92":{"start":{"line":290,"column":30},"end":{"line":290,"column":47}},"93":{"start":{"line":402,"column":63},"end":{"line":402,"column":83}}},"fnMap":{"0":{"name":"BrowsePage","decl":{"start":{"line":35,"column":24},"end":{"line":35,"column":null}},"loc":{"start":{"line":35,"column":24},"end":{"line":415,"column":null}}},"1":{"name":"(anonymous_2)","decl":{"start":{"line":51,"column":12},"end":{"line":51,"column":null}},"loc":{"start":{"line":51,"column":12},"end":{"line":53,"column":5}}},"2":{"name":"(anonymous_3)","decl":{"start":{"line":56,"column":12},"end":{"line":56,"column":null}},"loc":{"start":{"line":56,"column":12},"end":{"line":60,"column":5}}},"3":{"name":"(anonymous_4)","decl":{"start":{"line":63,"column":12},"end":{"line":63,"column":null}},"loc":{"start":{"line":63,"column":12},"end":{"line":75,"column":5}}},"4":{"name":"(anonymous_5)","decl":{"start":{"line":65,"column":42},"end":{"line":65,"column":47}},"loc":{"start":{"line":65,"column":47},"end":{"line":65,"column":null}}},"5":{"name":"(anonymous_6)","decl":{"start":{"line":77,"column":27},"end":{"line":77,"column":null}},"loc":{"start":{"line":77,"column":27},"end":{"line":91,"column":null}}},"6":{"name":"(anonymous_7)","decl":{"start":{"line":93,"column":21},"end":{"line":93,"column":null}},"loc":{"start":{"line":93,"column":21},"end":{"line":107,"column":null}}},"7":{"name":"(anonymous_8)","decl":{"start":{"line":109,"column":32},"end":{"line":109,"column":33}},"loc":{"start":{"line":109,"column":33},"end":{"line":113,"column":null}}},"8":{"name":"(anonymous_9)","decl":{"start":{"line":115,"column":34},"end":{"line":115,"column":null}},"loc":{"start":{"line":115,"column":34},"end":{"line":125,"column":null}}},"9":{"name":"(anonymous_10)","decl":{"start":{"line":128,"column":49},"end":{"line":128,"column":50}},"loc":{"start":{"line":129,"column":4},"end":{"line":130,"column":null}}},"10":{"name":"(anonymous_11)","decl":{"start":{"line":134,"column":37},"end":{"line":134,"column":38}},"loc":{"start":{"line":134,"column":38},"end":{"line":139,"column":null}}},"11":{"name":"(anonymous_12)","decl":{"start":{"line":137,"column":21},"end":{"line":137,"column":28}},"loc":{"start":{"line":137,"column":28},"end":{"line":137,"column":null}}},"12":{"name":"(anonymous_13)","decl":{"start":{"line":142,"column":32},"end":{"line":142,"column":33}},"loc":{"start":{"line":142,"column":52},"end":{"line":145,"column":null}}},"13":{"name":"(anonymous_14)","decl":{"start":{"line":190,"column":22},"end":{"line":190,"column":23}},"loc":{"start":{"line":190,"column":29},"end":{"line":190,"column":null}}},"14":{"name":"(anonymous_15)","decl":{"start":{"line":226,"column":37},"end":{"line":226,"column":38}},"loc":{"start":{"line":227,"column":14},"end":{"line":228,"column":null}}},"15":{"name":"(anonymous_16)","decl":{"start":{"line":230,"column":25},"end":{"line":230,"column":31}},"loc":{"start":{"line":230,"column":31},"end":{"line":230,"column":null}}},"16":{"name":"(anonymous_17)","decl":{"start":{"line":259,"column":51},"end":{"line":259,"column":57}},"loc":{"start":{"line":259,"column":57},"end":{"line":259,"column":77}}},"17":{"name":"(anonymous_18)","decl":{"start":{"line":271,"column":12},"end":{"line":271,"column":null}},"loc":{"start":{"line":271,"column":12},"end":{"line":410,"column":null}}},"18":{"name":"(anonymous_19)","decl":{"start":{"line":273,"column":54},"end":{"line":273,"column":55}},"loc":{"start":{"line":273,"column":64},"end":{"line":273,"column":null}}},"19":{"name":"(anonymous_20)","decl":{"start":{"line":274,"column":54},"end":{"line":274,"column":55}},"loc":{"start":{"line":274,"column":64},"end":{"line":274,"column":null}}},"20":{"name":"(anonymous_21)","decl":{"start":{"line":276,"column":35},"end":{"line":276,"column":36}},"loc":{"start":{"line":276,"column":36},"end":{"line":353,"column":null}}},"21":{"name":"(anonymous_22)","decl":{"start":{"line":289,"column":55},"end":{"line":289,"column":56}},"loc":{"start":{"line":290,"column":30},"end":{"line":290,"column":47}}},"22":{"name":"(anonymous_23)","decl":{"start":{"line":402,"column":57},"end":{"line":402,"column":63}},"loc":{"start":{"line":402,"column":63},"end":{"line":402,"column":83}}}},"branchMap":{"0":{"loc":{"start":{"line":57,"column":4},"end":{"line":59,"column":null}},"type":"if","locations":[{"start":{"line":57,"column":4},"end":{"line":59,"column":null}}]},"1":{"loc":{"start":{"line":57,"column":8},"end":{"line":57,"column":48}},"type":"binary-expr","locations":[{"start":{"line":57,"column":8},"end":{"line":57,"column":28}},{"start":{"line":57,"column":28},"end":{"line":57,"column":48}}]},"2":{"loc":{"start":{"line":64,"column":4},"end":{"line":74,"column":null}},"type":"if","locations":[{"start":{"line":64,"column":4},"end":{"line":74,"column":null}},{"start":{"line":69,"column":11},"end":{"line":74,"column":null}}]},"3":{"loc":{"start":{"line":64,"column":8},"end":{"line":64,"column":55}},"type":"binary-expr","locations":[{"start":{"line":64,"column":8},"end":{"line":64,"column":31}},{"start":{"line":64,"column":31},"end":{"line":64,"column":55}}]},"4":{"loc":{"start":{"line":66,"column":6},"end":{"line":68,"column":null}},"type":"if","locations":[{"start":{"line":66,"column":6},"end":{"line":68,"column":null}}]},"5":{"loc":{"start":{"line":66,"column":10},"end":{"line":66,"column":64}},"type":"binary-expr","locations":[{"start":{"line":66,"column":10},"end":{"line":66,"column":24}},{"start":{"line":66,"column":24},"end":{"line":66,"column":64}}]},"6":{"loc":{"start":{"line":69,"column":11},"end":{"line":74,"column":null}},"type":"if","locations":[{"start":{"line":69,"column":11},"end":{"line":74,"column":null}}]},"7":{"loc":{"start":{"line":69,"column":15},"end":{"line":69,"column":57}},"type":"binary-expr","locations":[{"start":{"line":69,"column":15},"end":{"line":69,"column":39}},{"start":{"line":69,"column":39},"end":{"line":69,"column":57}}]},"8":{"loc":{"start":{"line":82,"column":6},"end":{"line":82,"column":null}},"type":"if","locations":[{"start":{"line":82,"column":6},"end":{"line":82,"column":null}}]},"9":{"loc":{"start":{"line":86,"column":15},"end":{"line":86,"column":null}},"type":"cond-expr","locations":[{"start":{"line":86,"column":38},"end":{"line":86,"column":49}},{"start":{"line":86,"column":52},"end":{"line":86,"column":null}}]},"10":{"loc":{"start":{"line":98,"column":6},"end":{"line":98,"column":null}},"type":"if","locations":[{"start":{"line":98,"column":6},"end":{"line":98,"column":null}}]},"11":{"loc":{"start":{"line":102,"column":15},"end":{"line":102,"column":null}},"type":"cond-expr","locations":[{"start":{"line":102,"column":38},"end":{"line":102,"column":49}},{"start":{"line":102,"column":52},"end":{"line":102,"column":null}}]},"12":{"loc":{"start":{"line":117,"column":4},"end":{"line":124,"column":null}},"type":"if","locations":[{"start":{"line":117,"column":4},"end":{"line":124,"column":null}},{"start":{"line":119,"column":11},"end":{"line":124,"column":null}}]},"13":{"loc":{"start":{"line":129,"column":4},"end":{"line":130,"column":null}},"type":"binary-expr","locations":[{"start":{"line":129,"column":4},"end":{"line":129,"column":null}},{"start":{"line":130,"column":4},"end":{"line":130,"column":null}}]},"14":{"loc":{"start":{"line":135,"column":30},"end":{"line":135,"column":97}},"type":"binary-expr","locations":[{"start":{"line":135,"column":30},"end":{"line":135,"column":53}},{"start":{"line":135,"column":53},"end":{"line":135,"column":97}}]},"15":{"loc":{"start":{"line":136,"column":26},"end":{"line":137,"column":null}},"type":"binary-expr","locations":[{"start":{"line":136,"column":26},"end":{"line":136,"column":null}},{"start":{"line":137,"column":6},"end":{"line":137,"column":null}}]},"16":{"loc":{"start":{"line":138,"column":11},"end":{"line":138,"column":null}},"type":"binary-expr","locations":[{"start":{"line":138,"column":11},"end":{"line":138,"column":32}},{"start":{"line":138,"column":32},"end":{"line":138,"column":null}}]},"17":{"loc":{"start":{"line":143,"column":4},"end":{"line":143,"column":null}},"type":"if","locations":[{"start":{"line":143,"column":4},"end":{"line":143,"column":null}}]},"18":{"loc":{"start":{"line":143,"column":8},"end":{"line":143,"column":41}},"type":"binary-expr","locations":[{"start":{"line":143,"column":8},"end":{"line":143,"column":25}},{"start":{"line":143,"column":25},"end":{"line":143,"column":41}}]},"19":{"loc":{"start":{"line":152,"column":10},"end":{"line":162,"column":null}},"type":"cond-expr","locations":[{"start":{"line":152,"column":10},"end":{"line":162,"column":null}}]},"20":{"loc":{"start":{"line":188,"column":25},"end":{"line":188,"column":null}},"type":"cond-expr","locations":[{"start":{"line":188,"column":50},"end":{"line":188,"column":76}},{"start":{"line":188,"column":76},"end":{"line":188,"column":null}}]},"21":{"loc":{"start":{"line":197,"column":7},"end":{"line":197,"column":null}},"type":"binary-expr","locations":[{"start":{"line":197,"column":7},"end":{"line":197,"column":null}}]},"22":{"loc":{"start":{"line":203,"column":21},"end":{"line":203,"column":null}},"type":"cond-expr","locations":[{"start":{"line":203,"column":46},"end":{"line":203,"column":65}},{"start":{"line":203,"column":65},"end":{"line":203,"column":null}}]},"23":{"loc":{"start":{"line":212,"column":7},"end":{"line":212,"column":null}},"type":"binary-expr","locations":[{"start":{"line":212,"column":7},"end":{"line":212,"column":null}}]},"24":{"loc":{"start":{"line":219,"column":7},"end":{"line":219,"column":19}},"type":"binary-expr","locations":[{"start":{"line":219,"column":7},"end":{"line":219,"column":19}},{"start":{"line":219,"column":19},"end":{"line":219,"column":null}}]},"25":{"loc":{"start":{"line":222,"column":50},"end":{"line":222,"column":null}},"type":"cond-expr","locations":[{"start":{"line":222,"column":85},"end":{"line":222,"column":100}},{"start":{"line":222,"column":100},"end":{"line":222,"column":null}}]},"26":{"loc":{"start":{"line":255,"column":11},"end":{"line":255,"column":47}},"type":"binary-expr","locations":[{"start":{"line":255,"column":11},"end":{"line":255,"column":47}},{"start":{"line":255,"column":47},"end":{"line":255,"column":null}}]},"27":{"loc":{"start":{"line":258,"column":15},"end":{"line":258,"column":null}},"type":"binary-expr","locations":[{"start":{"line":258,"column":15},"end":{"line":258,"column":null}}]},"28":{"loc":{"start":{"line":269,"column":7},"end":{"line":269,"column":19}},"type":"binary-expr","locations":[{"start":{"line":269,"column":7},"end":{"line":269,"column":19}},{"start":{"line":269,"column":19},"end":{"line":269,"column":null}}]},"29":{"loc":{"start":{"line":273,"column":64},"end":{"line":273,"column":null}},"type":"binary-expr","locations":[{"start":{"line":273,"column":64},"end":{"line":273,"column":88}},{"start":{"line":273,"column":88},"end":{"line":273,"column":null}}]},"30":{"loc":{"start":{"line":274,"column":64},"end":{"line":274,"column":null}},"type":"binary-expr","locations":[{"start":{"line":274,"column":64},"end":{"line":274,"column":90}},{"start":{"line":274,"column":90},"end":{"line":274,"column":null}}]},"31":{"loc":{"start":{"line":287,"column":25},"end":{"line":287,"column":null}},"type":"binary-expr","locations":[{"start":{"line":287,"column":25},"end":{"line":287,"column":null}}]},"32":{"loc":{"start":{"line":297,"column":23},"end":{"line":297,"column":37}},"type":"binary-expr","locations":[{"start":{"line":297,"column":23},"end":{"line":297,"column":37}},{"start":{"line":297,"column":37},"end":{"line":297,"column":56}},{"start":{"line":297,"column":56},"end":{"line":297,"column":null}}]},"33":{"loc":{"start":{"line":313,"column":26},"end":{"line":317,"column":27}},"type":"cond-expr","locations":[{"start":{"line":313,"column":26},"end":{"line":317,"column":27}}]},"34":{"loc":{"start":{"line":321,"column":23},"end":{"line":321,"column":null}},"type":"binary-expr","locations":[{"start":{"line":321,"column":23},"end":{"line":321,"column":null}}]},"35":{"loc":{"start":{"line":333,"column":24},"end":{"line":342,"column":25}},"type":"cond-expr","locations":[{"start":{"line":333,"column":24},"end":{"line":342,"column":25}}]},"36":{"loc":{"start":{"line":332,"column":23},"end":{"line":332,"column":93}},"type":"binary-expr","locations":[{"start":{"line":332,"column":23},"end":{"line":332,"column":37}},{"start":{"line":332,"column":37},"end":{"line":332,"column":56}},{"start":{"line":332,"column":56},"end":{"line":332,"column":93}}]},"37":{"loc":{"start":{"line":347,"column":25},"end":{"line":347,"column":null}},"type":"cond-expr","locations":[{"start":{"line":347,"column":38},"end":{"line":347,"column":52}},{"start":{"line":347,"column":52},"end":{"line":347,"column":null}}]},"38":{"loc":{"start":{"line":358,"column":17},"end":{"line":358,"column":null}},"type":"binary-expr","locations":[{"start":{"line":358,"column":17},"end":{"line":358,"column":null}}]},"39":{"loc":{"start":{"line":368,"column":47},"end":{"line":368,"column":null}},"type":"cond-expr","locations":[{"start":{"line":368,"column":75},"end":{"line":368,"column":84}},{"start":{"line":368,"column":84},"end":{"line":368,"column":null}}]},"40":{"loc":{"start":{"line":378,"column":17},"end":{"line":378,"column":null}},"type":"binary-expr","locations":[{"start":{"line":378,"column":17},"end":{"line":378,"column":null}}]},"41":{"loc":{"start":{"line":388,"column":47},"end":{"line":388,"column":null}},"type":"cond-expr","locations":[{"start":{"line":388,"column":75},"end":{"line":388,"column":84}},{"start":{"line":388,"column":84},"end":{"line":388,"column":null}}]},"42":{"loc":{"start":{"line":398,"column":17},"end":{"line":398,"column":null}},"type":"binary-expr","locations":[{"start":{"line":398,"column":17},"end":{"line":398,"column":null}}]},"43":{"loc":{"start":{"line":401,"column":21},"end":{"line":401,"column":null}},"type":"binary-expr","locations":[{"start":{"line":401,"column":21},"end":{"line":401,"column":null}}]}},"s":{"0":38,"1":1,"2":1,"3":1,"4":1,"5":1,"6":1,"7":1,"8":1,"9":191,"10":191,"11":191,"12":191,"13":191,"14":191,"15":191,"16":191,"17":191,"18":191,"19":191,"20":38,"21":191,"22":62,"23":23,"24":191,"25":71,"26":2,"27":2,"28":2,"29":2,"30":69,"31":0,"32":0,"33":0,"34":191,"35":39,"36":39,"37":39,"38":39,"39":37,"40":3,"41":34,"42":34,"43":4,"44":4,"45":38,"46":191,"47":23,"48":23,"49":23,"50":23,"51":23,"52":0,"53":23,"54":23,"55":0,"56":0,"57":23,"58":191,"59":23,"60":23,"61":23,"62":191,"63":2,"64":1,"65":1,"66":1,"67":1,"68":191,"69":327,"70":191,"71":67,"72":67,"73":9,"74":67,"75":191,"76":39,"77":19,"78":20,"79":8,"80":105,"81":21,"82":1,"83":46,"84":39,"85":46,"86":39,"87":46,"88":39,"89":39,"90":39,"91":39,"92":60,"93":0},"f":{"0":191,"1":38,"2":62,"3":71,"4":2,"5":39,"6":23,"7":23,"8":2,"9":327,"10":67,"11":9,"12":39,"13":8,"14":105,"15":21,"16":1,"17":46,"18":39,"19":39,"20":39,"21":60,"22":0},"b":{"0":[23],"1":[62,23],"2":[2,69],"3":[71,4],"4":[2],"5":[2,2],"6":[0],"7":[69,67],"8":[3],"9":[4,0],"10":[0],"11":[0,0],"12":[1,1],"13":[327,21],"14":[67,64],"15":[67,8],"16":[67,46],"17":[19],"18":[39,21],"19":[122],"20":[122,69],"21":[191],"22":[4,0],"23":[191],"24":[191,128],"25":[3,79],"26":[82,45],"27":[45],"28":[191,128],"29":[39,21],"30":[39,21],"31":[39],"32":[39,21,21],"33":[39],"34":[39],"35":[20],"36":[39,21,21],"37":[21,18],"38":[46],"39":[21,0],"40":[46],"41":[18,0],"42":[46],"43":[25]}}
,"/Users/namitpatel/D drive/CSC510-Section2-Group8/Project/client/app/map/page.tsx": {"path":"/Users/namitpatel/D drive/CSC510-Section2-Group8/Project/client/app/map/page.tsx","statementMap":{"0":{"start":{"line":15,"column":24},"end":{"line":15,"column":null}},"1":{"start":{"line":3,"column":36},"end":{"line":3,"column":null}},"2":{"start":{"line":4,"column":26},"end":{"line":4,"column":null}},"3":{"start":{"line":5,"column":24},"end":{"line":5,"column":null}},"4":{"start":{"line":16,"column":40},"end":{"line":16,"column":null}},"5":{"start":{"line":17,"column":32},"end":{"line":17,"column":null}},"6":{"start":{"line":18,"column":28},"end":{"line":18,"column":null}},"7":{"start":{"line":19,"column":17},"end":{"line":19,"column":null}},"8":{"start":{"line":21,"column":2},"end":{"line":38,"column":null}},"9":{"start":{"line":23,"column":6},"end":{"line":34,"column":null}},"10":{"start":{"line":24,"column":25},"end":{"line":24,"column":null}},"11":{"start":{"line":25,"column":8},"end":{"line":27,"column":null}},"12":{"start":{"line":26,"column":10},"end":{"line":26,"column":null}},"13":{"start":{"line":28,"column":21},"end":{"line":28,"column":null}},"14":{"start":{"line":29,"column":8},"end":{"line":29,"column":null}},"15":{"start":{"line":31,"column":8},"end":{"line":31,"column":null}},"16":{"start":{"line":33,"column":8},"end":{"line":33,"column":null}},"17":{"start":{"line":37,"column":4},"end":{"line":37,"column":null}},"18":{"start":{"line":40,"column":33},"end":{"line":43,"column":null}},"19":{"start":{"line":42,"column":4},"end":{"line":42,"column":null}}},"fnMap":{"0":{"name":"MapPage","decl":{"start":{"line":15,"column":24},"end":{"line":15,"column":null}},"loc":{"start":{"line":15,"column":24},"end":{"line":72,"column":null}}},"1":{"name":"(anonymous_2)","decl":{"start":{"line":21,"column":12},"end":{"line":21,"column":null}},"loc":{"start":{"line":21,"column":12},"end":{"line":38,"column":5}}},"2":{"name":"fetchRestaurants","decl":{"start":{"line":22,"column":19},"end":{"line":22,"column":null}},"loc":{"start":{"line":22,"column":19},"end":{"line":35,"column":null}}},"3":{"name":"(anonymous_4)","decl":{"start":{"line":40,"column":33},"end":{"line":40,"column":34}},"loc":{"start":{"line":40,"column":34},"end":{"line":43,"column":null}}}},"branchMap":{"0":{"loc":{"start":{"line":25,"column":8},"end":{"line":27,"column":null}},"type":"if","locations":[{"start":{"line":25,"column":8},"end":{"line":27,"column":null}}]},"1":{"loc":{"start":{"line":31,"column":17},"end":{"line":31,"column":null}},"type":"cond-expr","locations":[{"start":{"line":31,"column":40},"end":{"line":31,"column":51}},{"start":{"line":31,"column":54},"end":{"line":31,"column":null}}]},"2":{"loc":{"start":{"line":56,"column":10},"end":{"line":59,"column":null}},"type":"cond-expr","locations":[{"start":{"line":56,"column":10},"end":{"line":59,"column":null}}]},"3":{"loc":{"start":{"line":60,"column":10},"end":{"line":64,"column":11}},"type":"cond-expr","locations":[{"start":{"line":60,"column":10},"end":{"line":64,"column":11}}]}},"s":{"0":19,"1":1,"2":1,"3":1,"4":33,"5":32,"6":32,"7":32,"8":32,"9":18,"10":18,"11":14,"12":2,"13":12,"14":11,"15":5,"16":16,"17":18,"18":32,"19":3},"f":{"0":33,"1":18,"2":18,"3":3},"b":{"0":[2],"1":[4,1],"2":[18],"3":[5]}}
,"/Users/namitpatel/D drive/CSC510-Section2-Group8/Project/client/components/map-view.tsx": {"path":"/Users/namitpatel/D drive/CSC510-Section2-Group8/Project/client/components/map-view.tsx","statementMap":{"0":{"start":{"line":25,"column":16},"end":{"line":25,"column":24}},"1":{"start":{"line":3,"column":44},"end":{"line":3,"column":null}},"2":{"start":{"line":4,"column":21},"end":{"line":4,"column":null}},"3":{"start":{"line":5,"column":23},"end":{"line":5,"column":null}},"4":{"start":{"line":6,"column":21},"end":{"line":6,"column":null}},"5":{"start":{"line":7,"column":7},"end":{"line":7,"column":null}},"6":{"start":{"line":9,"column":21},"end":{"line":9,"column":null}},"7":{"start":{"line":10,"column":0},"end":{"line":10,"column":null}},"8":{"start":{"line":26,"column":23},"end":{"line":26,"column":null}},"9":{"start":{"line":27,"column":14},"end":{"line":27,"column":null}},"10":{"start":{"line":28,"column":18},"end":{"line":28,"column":null}},"11":{"start":{"line":29,"column":54},"end":{"line":29,"column":null}},"12":{"start":{"line":32,"column":20},"end":{"line":32,"column":112}},"13":{"start":{"line":32,"column":60},"end":{"line":32,"column":87}},"14":{"start":{"line":33,"column":20},"end":{"line":33,"column":111}},"15":{"start":{"line":33,"column":60},"end":{"line":33,"column":86}},"16":{"start":{"line":35,"column":2},"end":{"line":55,"column":null}},"17":{"start":{"line":36,"column":4},"end":{"line":36,"column":null}},"18":{"start":{"line":36,"column":31},"end":{"line":36,"column":null}},"19":{"start":{"line":39,"column":4},"end":{"line":44,"column":null}},"20":{"start":{"line":47,"column":4},"end":{"line":47,"column":null}},"21":{"start":{"line":50,"column":4},"end":{"line":54,"column":null}},"22":{"start":{"line":51,"column":6},"end":{"line":51,"column":null}},"23":{"start":{"line":52,"column":6},"end":{"line":52,"column":null}},"24":{"start":{"line":52,"column":40},"end":{"line":52,"column":null}},"25":{"start":{"line":53,"column":6},"end":{"line":53,"column":null}},"26":{"start":{"line":58,"column":2},"end":{"line":94,"column":null}},"27":{"start":{"line":59,"column":4},"end":{"line":59,"column":null}},"28":{"start":{"line":59,"column":22},"end":{"line":59,"column":null}},"29":{"start":{"line":62,"column":4},"end":{"line":62,"column":null}},"30":{"start":{"line":62,"column":38},"end":{"line":62,"column":null}},"31":{"start":{"line":63,"column":4},"end":{"line":63,"column":null}},"32":{"start":{"line":66,"column":4},"end":{"line":93,"column":null}},"33":{"start":{"line":67,"column":17},"end":{"line":67,"column":null}},"34":{"start":{"line":68,"column":6},"end":{"line":68,"column":null}},"35":{"start":{"line":69,"column":6},"end":{"line":73,"column":null}},"36":{"start":{"line":75,"column":21},"end":{"line":86,"column":null}},"37":{"start":{"line":88,"column":6},"end":{"line":88,"column":null}},"38":{"start":{"line":90,"column":6},"end":{"line":92,"column":null}},"39":{"start":{"line":91,"column":8},"end":{"line":91,"column":null}},"40":{"start":{"line":111,"column":31},"end":{"line":111,"column":null}},"41":{"start":{"line":118,"column":31},"end":{"line":118,"column":null}}},"fnMap":{"0":{"name":"MapView","decl":{"start":{"line":25,"column":16},"end":{"line":25,"column":24}},"loc":{"start":{"line":25,"column":73},"end":{"line":128,"column":null}}},"1":{"name":"(anonymous_3)","decl":{"start":{"line":32,"column":39},"end":{"line":32,"column":40}},"loc":{"start":{"line":32,"column":60},"end":{"line":32,"column":87}}},"2":{"name":"(anonymous_4)","decl":{"start":{"line":33,"column":39},"end":{"line":33,"column":40}},"loc":{"start":{"line":33,"column":60},"end":{"line":33,"column":86}}},"3":{"name":"(anonymous_5)","decl":{"start":{"line":35,"column":12},"end":{"line":35,"column":null}},"loc":{"start":{"line":35,"column":12},"end":{"line":55,"column":5}}},"4":{"name":"(anonymous_6)","decl":{"start":{"line":50,"column":11},"end":{"line":50,"column":null}},"loc":{"start":{"line":50,"column":11},"end":{"line":54,"column":null}}},"5":{"name":"(anonymous_7)","decl":{"start":{"line":52,"column":30},"end":{"line":52,"column":40}},"loc":{"start":{"line":52,"column":40},"end":{"line":52,"column":null}}},"6":{"name":"(anonymous_8)","decl":{"start":{"line":58,"column":12},"end":{"line":58,"column":null}},"loc":{"start":{"line":58,"column":12},"end":{"line":94,"column":5}}},"7":{"name":"(anonymous_9)","decl":{"start":{"line":62,"column":28},"end":{"line":62,"column":38}},"loc":{"start":{"line":62,"column":38},"end":{"line":62,"column":null}}},"8":{"name":"(anonymous_10)","decl":{"start":{"line":66,"column":24},"end":{"line":66,"column":25}},"loc":{"start":{"line":66,"column":37},"end":{"line":93,"column":null}}},"9":{"name":"(anonymous_11)","decl":{"start":{"line":90,"column":35},"end":{"line":90,"column":null}},"loc":{"start":{"line":90,"column":35},"end":{"line":92,"column":null}}},"10":{"name":"(anonymous_12)","decl":{"start":{"line":111,"column":25},"end":{"line":111,"column":31}},"loc":{"start":{"line":111,"column":31},"end":{"line":111,"column":null}}},"11":{"name":"(anonymous_13)","decl":{"start":{"line":118,"column":25},"end":{"line":118,"column":31}},"loc":{"start":{"line":118,"column":31},"end":{"line":118,"column":null}}}},"branchMap":{"0":{"loc":{"start":{"line":9,"column":21},"end":{"line":9,"column":null}},"type":"binary-expr","locations":[{"start":{"line":9,"column":21},"end":{"line":9,"column":57}},{"start":{"line":9,"column":61},"end":{"line":9,"column":null}}]},"1":{"loc":{"start":{"line":36,"column":4},"end":{"line":36,"column":null}},"type":"if","locations":[{"start":{"line":36,"column":4},"end":{"line":36,"column":null}}]},"2":{"loc":{"start":{"line":59,"column":4},"end":{"line":59,"column":null}},"type":"if","locations":[{"start":{"line":59,"column":4},"end":{"line":59,"column":null}}]},"3":{"loc":{"start":{"line":82,"column":51},"end":{"line":82,"column":96}},"type":"binary-expr","locations":[{"start":{"line":82,"column":51},"end":{"line":82,"column":69}},{"start":{"line":82,"column":73},"end":{"line":82,"column":96}}]},"4":{"loc":{"start":{"line":102,"column":7},"end":{"line":102,"column":null}},"type":"binary-expr","locations":[{"start":{"line":102,"column":7},"end":{"line":102,"column":null}}]},"5":{"loc":{"start":{"line":106,"column":58},"end":{"line":106,"column":null}},"type":"binary-expr","locations":[{"start":{"line":106,"column":58},"end":{"line":106,"column":84}},{"start":{"line":106,"column":88},"end":{"line":106,"column":null}}]}},"s":{"0":25,"1":1,"2":1,"3":1,"4":1,"5":1,"6":1,"7":1,"8":33,"9":33,"10":33,"11":33,"12":33,"13":83,"14":33,"15":83,"16":33,"17":25,"18":0,"19":25,"20":25,"21":25,"22":25,"23":25,"24":61,"25":25,"26":33,"27":25,"28":0,"29":25,"30":0,"31":25,"32":25,"33":61,"34":61,"35":61,"36":61,"37":61,"38":61,"39":6,"40":2,"41":2},"f":{"0":33,"1":83,"2":83,"3":25,"4":25,"5":61,"6":25,"7":0,"8":61,"9":6,"10":2,"11":2},"b":{"0":[1,0],"1":[0],"2":[0],"3":[61,1],"4":[33],"5":[6,1]}}
}
