TN:
SF:app/map/page.tsx
FN:15,MapPage
FN:21,(anonymous_2)
FN:22,fetchRestaurants
FN:40,(anonymous_4)
FNF:4
FNH:4
FNDA:33,MapPage
FNDA:18,(anonymous_2)
FNDA:18,fetchRestaurants
FNDA:3,(anonymous_4)
DA:3,1
DA:4,1
DA:5,1
DA:15,19
DA:16,33
DA:17,32
DA:18,32
DA:19,32
DA:21,32
DA:23,18
DA:24,18
DA:25,14
DA:26,2
DA:28,12
DA:29,11
DA:31,5
DA:33,16
DA:37,18
DA:40,32
DA:42,3
LF:20
LH:20
BRDA:25,0,0,2
BRDA:31,1,0,4
BRDA:31,1,1,1
BRDA:56,2,0,18
BRDA:60,3,0,5
BRF:5
BRH:5
end_of_record
TN:
SF:components/map-view.tsx
FN:25,MapView
FN:32,(anonymous_3)
FN:33,(anonymous_4)
FN:35,(anonymous_5)
FN:50,(anonymous_6)
FN:52,(anonymous_7)
FN:58,(anonymous_8)
FN:62,(anonymous_9)
FN:66,(anonymous_10)
FN:90,(anonymous_11)
FN:111,(anonymous_12)
FN:118,(anonymous_13)
FNF:12
FNH:11
FNDA:33,MapView
FNDA:83,(anonymous_3)
FNDA:83,(anonymous_4)
FNDA:25,(anonymous_5)
FNDA:25,(anonymous_6)
FNDA:61,(anonymous_7)
FNDA:25,(anonymous_8)
FNDA:0,(anonymous_9)
FNDA:61,(anonymous_10)
FNDA:6,(anonymous_11)
FNDA:2,(anonymous_12)
FNDA:2,(anonymous_13)
DA:3,1
DA:4,1
DA:5,1
DA:6,1
DA:7,1
DA:9,1
DA:10,1
DA:25,25
DA:26,33
DA:27,33
DA:28,33
DA:29,33
DA:32,83
DA:33,83
DA:35,33
DA:36,25
DA:39,25
DA:47,25
DA:50,25
DA:51,25
DA:52,61
DA:53,25
DA:58,33
DA:59,25
DA:62,25
DA:63,25
DA:66,25
DA:67,61
DA:68,61
DA:69,61
DA:75,61
DA:88,61
DA:90,61
DA:91,6
DA:111,2
DA:118,2
LF:36
LH:36
BRDA:9,0,0,1
BRDA:9,0,1,0
BRDA:36,1,0,0
BRDA:59,2,0,0
BRDA:82,3,0,61
BRDA:82,3,1,1
BRDA:102,4,0,33
BRDA:106,5,0,6
BRDA:106,5,1,1
BRF:9
BRH:6
end_of_record
