TN:
SF:app/browse/loading.tsx
FN:1,Loading
FNF:1
FNH:1
FNDA:2,Loading
DA:1,2
DA:2,2
LF:2
LH:2
BRF:0
BRH:0
end_of_record
TN:
SF:app/browse/page.tsx
FN:35,BrowsePage
FN:51,(anonymous_2)
FN:56,(anonymous_3)
FN:63,(anonymous_4)
FN:65,(anonymous_5)
FN:77,(anonymous_6)
FN:93,(anonymous_7)
FN:109,(anonymous_8)
FN:115,(anonymous_9)
FN:128,(anonymous_10)
FN:134,(anonymous_11)
FN:137,(anonymous_12)
FN:142,(anonymous_13)
FN:190,(anonymous_14)
FN:226,(anonymous_15)
FN:230,(anonymous_16)
FN:259,(anonymous_17)
FN:271,(anonymous_18)
FN:273,(anonymous_19)
FN:274,(anonymous_20)
FN:276,(anonymous_21)
FN:289,(anonymous_22)
FN:402,(anonymous_23)
FNF:23
FNH:22
FNDA:191,BrowsePage
FNDA:38,(anonymous_2)
FNDA:62,(anonymous_3)
FNDA:71,(anonymous_4)
FNDA:2,(anonymous_5)
FNDA:39,(anonymous_6)
FNDA:23,(anonymous_7)
FNDA:23,(anonymous_8)
FNDA:2,(anonymous_9)
FNDA:327,(anonymous_10)
FNDA:67,(anonymous_11)
FNDA:9,(anonymous_12)
FNDA:39,(anonymous_13)
FNDA:8,(anonymous_14)
FNDA:105,(anonymous_15)
FNDA:21,(anonymous_16)
FNDA:1,(anonymous_17)
FNDA:46,(anonymous_18)
FNDA:39,(anonymous_19)
FNDA:39,(anonymous_20)
FNDA:39,(anonymous_21)
FNDA:60,(anonymous_22)
FNDA:0,(anonymous_23)
DA:3,1
DA:4,1
DA:5,1
DA:6,1
DA:7,1
DA:8,1
DA:9,1
DA:33,1
DA:35,38
DA:36,191
DA:37,191
DA:38,191
DA:40,191
DA:41,191
DA:43,191
DA:44,191
DA:46,191
DA:47,191
DA:48,191
DA:51,191
DA:52,38
DA:56,191
DA:57,62
DA:58,23
DA:63,191
DA:64,71
DA:65,2
DA:66,2
DA:67,2
DA:69,69
DA:71,0
DA:72,0
DA:73,0
DA:77,191
DA:78,39
DA:79,39
DA:80,39
DA:81,39
DA:82,37
DA:83,34
DA:84,34
DA:86,4
DA:87,4
DA:89,38
DA:93,191
DA:94,23
DA:95,23
DA:96,23
DA:97,23
DA:98,23
DA:99,23
DA:100,23
DA:102,0
DA:103,0
DA:105,23
DA:109,191
DA:110,23
DA:111,23
DA:112,23
DA:115,191
DA:117,2
DA:118,1
DA:121,1
DA:122,1
DA:123,1
DA:128,191
DA:129,327
DA:134,191
DA:135,67
DA:136,67
DA:137,9
DA:138,67
DA:142,191
DA:143,39
DA:144,20
DA:190,8
DA:227,105
DA:230,21
DA:259,1
DA:273,46
DA:274,46
DA:276,46
DA:277,39
DA:278,39
DA:279,39
DA:281,39
DA:290,60
DA:402,0
LF:88
LH:82
BRDA:57,0,0,23
BRDA:57,1,0,62
BRDA:57,1,1,23
BRDA:64,2,0,2
BRDA:64,2,1,69
BRDA:64,3,0,71
BRDA:64,3,1,4
BRDA:66,4,0,2
BRDA:66,5,0,2
BRDA:66,5,1,2
BRDA:69,6,0,0
BRDA:69,7,0,69
BRDA:69,7,1,67
BRDA:82,8,0,3
BRDA:86,9,0,4
BRDA:86,9,1,0
BRDA:98,10,0,0
BRDA:102,11,0,0
BRDA:102,11,1,0
BRDA:117,12,0,1
BRDA:117,12,1,1
BRDA:129,13,0,327
BRDA:129,13,1,21
BRDA:135,14,0,67
BRDA:135,14,1,64
BRDA:136,15,0,67
BRDA:136,15,1,8
BRDA:138,16,0,67
BRDA:138,16,1,46
BRDA:143,17,0,19
BRDA:143,18,0,39
BRDA:143,18,1,21
BRDA:152,19,0,122
BRDA:188,20,0,122
BRDA:188,20,1,69
BRDA:197,21,0,191
BRDA:203,22,0,4
BRDA:203,22,1,0
BRDA:212,23,0,191
BRDA:219,24,0,191
BRDA:219,24,1,128
BRDA:222,25,0,3
BRDA:222,25,1,79
BRDA:255,26,0,82
BRDA:255,26,1,45
BRDA:258,27,0,45
BRDA:269,28,0,191
BRDA:269,28,1,128
BRDA:273,29,0,39
BRDA:273,29,1,21
BRDA:274,30,0,39
BRDA:274,30,1,21
BRDA:287,31,0,39
BRDA:297,32,0,39
BRDA:297,32,1,21
BRDA:297,32,2,21
BRDA:313,33,0,39
BRDA:321,34,0,39
BRDA:333,35,0,20
BRDA:332,36,0,39
BRDA:332,36,1,21
BRDA:332,36,2,21
BRDA:347,37,0,21
BRDA:347,37,1,18
BRDA:358,38,0,46
BRDA:368,39,0,21
BRDA:368,39,1,0
BRDA:378,40,0,46
BRDA:388,41,0,18
BRDA:388,41,1,0
BRDA:398,42,0,46
BRDA:401,43,0,25
BRF:72
BRH:64
end_of_record
TN:
SF:app/map/page.tsx
FN:15,MapPage
FN:21,(anonymous_2)
FN:22,fetchRestaurants
FN:40,(anonymous_4)
FNF:4
FNH:4
FNDA:33,MapPage
FNDA:18,(anonymous_2)
FNDA:18,fetchRestaurants
FNDA:3,(anonymous_4)
DA:3,1
DA:4,1
DA:5,1
DA:15,19
DA:16,33
DA:17,32
DA:18,32
DA:19,32
DA:21,32
DA:23,18
DA:24,18
DA:25,14
DA:26,2
DA:28,12
DA:29,11
DA:31,5
DA:33,16
DA:37,18
DA:40,32
DA:42,3
LF:20
LH:20
BRDA:25,0,0,2
BRDA:31,1,0,4
BRDA:31,1,1,1
BRDA:56,2,0,18
BRDA:60,3,0,5
BRF:5
BRH:5
end_of_record
TN:
SF:components/map-view.tsx
FN:25,MapView
FN:32,(anonymous_3)
FN:33,(anonymous_4)
FN:35,(anonymous_5)
FN:50,(anonymous_6)
FN:52,(anonymous_7)
FN:58,(anonymous_8)
FN:62,(anonymous_9)
FN:66,(anonymous_10)
FN:90,(anonymous_11)
FN:111,(anonymous_12)
FN:118,(anonymous_13)
FNF:12
FNH:11
FNDA:33,MapView
FNDA:83,(anonymous_3)
FNDA:83,(anonymous_4)
FNDA:25,(anonymous_5)
FNDA:25,(anonymous_6)
FNDA:61,(anonymous_7)
FNDA:25,(anonymous_8)
FNDA:0,(anonymous_9)
FNDA:61,(anonymous_10)
FNDA:6,(anonymous_11)
FNDA:2,(anonymous_12)
FNDA:2,(anonymous_13)
DA:3,1
DA:4,1
DA:5,1
DA:6,1
DA:7,1
DA:9,1
DA:10,1
DA:25,25
DA:26,33
DA:27,33
DA:28,33
DA:29,33
DA:32,83
DA:33,83
DA:35,33
DA:36,25
DA:39,25
DA:47,25
DA:50,25
DA:51,25
DA:52,61
DA:53,25
DA:58,33
DA:59,25
DA:62,25
DA:63,25
DA:66,25
DA:67,61
DA:68,61
DA:69,61
DA:75,61
DA:88,61
DA:90,61
DA:91,6
DA:111,2
DA:118,2
LF:36
LH:36
BRDA:9,0,0,1
BRDA:9,0,1,0
BRDA:36,1,0,0
BRDA:59,2,0,0
BRDA:82,3,0,61
BRDA:82,3,1,1
BRDA:102,4,0,33
BRDA:106,5,0,6
BRDA:106,5,1,1
BRF:9
BRH:6
end_of_record
